Failure # 1 (occurred at 2024-01-07_20-28-07)
The actor died unexpectedly before finishing this task.
	class_name: wrap_function.<locals>.ImplicitFunc
	actor_id: 553648cf43914f26acc77c3001000000
	pid: 16667
	namespace: b2144c4e-9ad3-450d-b811-7f30bd30a530
	ip: 172.27.150.71
The actor is dead because its worker process has died. Worker exit type: SYSTEM_ERROR Worker exit detail: Worker exits unexpectedly. Worker exits with an exit code None. Traceback (most recent call last):
  File "python/ray/_raylet.pyx", line 1807, in ray._raylet.execute_task
  File "python/ray/_raylet.pyx", line 1908, in ray._raylet.execute_task
  File "python/ray/_raylet.pyx", line 1813, in ray._raylet.execute_task
  File "python/ray/_raylet.pyx", line 1754, in ray._raylet.execute_task.function_executor
  File "/storage/coda1/p-nisha3/0/jpark3141/miniconda3/lib/python3.11/site-packages/ray/_private/function_manager.py", line 726, in actor_method_executor
    return method(__ray_actor, *args, **kwargs)
           ^^^^^^^^^^^^^^^^^^^^^^^^^^^^^^^^^^^^
  File "/storage/coda1/p-nisha3/0/jpark3141/miniconda3/lib/python3.11/site-packages/ray/_private/function_manager.py", line 638, in temporary_actor_method
    raise RuntimeError(
RuntimeError: The actor with name ImplicitFunc failed to import on the worker. This may be because needed library dependencies are not installed in the worker environment:

Traceback (most recent call last):
  File "/storage/coda1/p-nisha3/0/jpark3141/miniconda3/lib/python3.11/site-packages/ray/_private/function_manager.py", line 677, in _load_actor_class_from_gcs
    actor_class = pickle.loads(pickled_class)
                  ^^^^^^^^^^^^^^^^^^^^^^^^^^^
ModuleNotFoundError: No module named 'src'


During handling of the above exception, another exception occurred:

Traceback (most recent call last):
  File "python/ray/_raylet.pyx", line 2206, in ray._raylet.task_execution_handler
  File "python/ray/_raylet.pyx", line 2102, in ray._raylet.execute_task_with_cancellation_handler
  File "python/ray/_raylet.pyx", line 1756, in ray._raylet.execute_task
  File "python/ray/_raylet.pyx", line 1757, in ray._raylet.execute_task
  File "python/ray/_raylet.pyx", line 1995, in ray._raylet.execute_task
  File "python/ray/_raylet.pyx", line 1055, in ray._raylet.store_task_errors
  File "/storage/coda1/p-nisha3/0/jpark3141/miniconda3/lib/python3.11/site-packages/ray/_private/function_manager.py", line 638, in temporary_actor_method
    raise RuntimeError(
RuntimeError: The actor with name ImplicitFunc failed to import on the worker. This may be because needed library dependencies are not installed in the worker environment:

Traceback (most recent call last):
  File "/storage/coda1/p-nisha3/0/jpark3141/miniconda3/lib/python3.11/site-packages/ray/_private/function_manager.py", line 677, in _load_actor_class_from_gcs
    actor_class = pickle.loads(pickled_class)
                  ^^^^^^^^^^^^^^^^^^^^^^^^^^^
ModuleNotFoundError: No module named 'src'

An unexpected internal error occurred while the worker was executing a task.
